Determining if the pthread_create exist failed with the following output:
Change Dir: /home/berat/ros_remote_ws/build/CMakeFiles/CMakeTmp

Run Build Command:"/usr/bin/make" "cmTC_bc7ac/fast"
/usr/bin/make -f CMakeFiles/cmTC_bc7ac.dir/build.make CMakeFiles/cmTC_bc7ac.dir/build
make[1]: Entering directory '/home/berat/ros_remote_ws/build/CMakeFiles/CMakeTmp'
Building C object CMakeFiles/cmTC_bc7ac.dir/CheckSymbolExists.c.o
/usr/bin/cc    -o CMakeFiles/cmTC_bc7ac.dir/CheckSymbolExists.c.o   -c /home/berat/ros_remote_ws/build/CMakeFiles/CMakeTmp/CheckSymbolExists.c
Linking C executable cmTC_bc7ac
/usr/bin/cmake -E cmake_link_script CMakeFiles/cmTC_bc7ac.dir/link.txt --verbose=1
/usr/bin/cc      -rdynamic CMakeFiles/cmTC_bc7ac.dir/CheckSymbolExists.c.o  -o cmTC_bc7ac 
CMakeFiles/cmTC_bc7ac.dir/CheckSymbolExists.c.o: In function `main':
CheckSymbolExists.c:(.text+0x1b): undefined reference to `pthread_create'
collect2: error: ld returned 1 exit status
CMakeFiles/cmTC_bc7ac.dir/build.make:97: recipe for target 'cmTC_bc7ac' failed
make[1]: *** [cmTC_bc7ac] Error 1
make[1]: Leaving directory '/home/berat/ros_remote_ws/build/CMakeFiles/CMakeTmp'
Makefile:126: recipe for target 'cmTC_bc7ac/fast' failed
make: *** [cmTC_bc7ac/fast] Error 2

File /home/berat/ros_remote_ws/build/CMakeFiles/CMakeTmp/CheckSymbolExists.c:
/* */
#include <pthread.h>

int main(int argc, char** argv)
{
  (void)argv;
#ifndef pthread_create
  return ((int*)(&pthread_create))[argc];
#else
  (void)argc;
  return 0;
#endif
}

Determining if the function pthread_create exists in the pthreads failed with the following output:
Change Dir: /home/berat/ros_remote_ws/build/CMakeFiles/CMakeTmp

Run Build Command:"/usr/bin/make" "cmTC_20953/fast"
/usr/bin/make -f CMakeFiles/cmTC_20953.dir/build.make CMakeFiles/cmTC_20953.dir/build
make[1]: Entering directory '/home/berat/ros_remote_ws/build/CMakeFiles/CMakeTmp'
Building C object CMakeFiles/cmTC_20953.dir/CheckFunctionExists.c.o
/usr/bin/cc   -DCHECK_FUNCTION_EXISTS=pthread_create   -o CMakeFiles/cmTC_20953.dir/CheckFunctionExists.c.o   -c /usr/share/cmake-3.10/Modules/CheckFunctionExists.c
Linking C executable cmTC_20953
/usr/bin/cmake -E cmake_link_script CMakeFiles/cmTC_20953.dir/link.txt --verbose=1
/usr/bin/cc  -DCHECK_FUNCTION_EXISTS=pthread_create    -rdynamic CMakeFiles/cmTC_20953.dir/CheckFunctionExists.c.o  -o cmTC_20953 -lpthreads 
/usr/bin/ld: cannot find -lpthreads
collect2: error: ld returned 1 exit status
CMakeFiles/cmTC_20953.dir/build.make:97: recipe for target 'cmTC_20953' failed
make[1]: *** [cmTC_20953] Error 1
make[1]: Leaving directory '/home/berat/ros_remote_ws/build/CMakeFiles/CMakeTmp'
Makefile:126: recipe for target 'cmTC_20953/fast' failed
make: *** [cmTC_20953/fast] Error 2


